<?xml version="1.0" encoding="UTF-8"?>
<testng-results ignored="0" total="1" passed="1" failed="0" skipped="0">
  <reporter-output>
    <line>
      <![CDATA[Empty browser launched]]>
    </line>
  </reporter-output>
  <suite started-at="2025-04-17T10:25:40 IST" name="Default suite" finished-at="2025-04-17T10:25:42 IST" duration-ms="2693">
    <groups>
    </groups>
    <test started-at="2025-04-17T10:25:40 IST" name="Default test" finished-at="2025-04-17T10:25:42 IST" duration-ms="2693">
      <class name="github.ForkAndPullRequest">
        <test-method signature="sample()[pri:0, instance:github.ForkAndPullRequest@7e07db1f]" started-at="2025-04-17T10:25:40 IST" name="sample" finished-at="2025-04-17T10:25:42 IST" duration-ms="2648" status="PASS">
          <reporter-output>
            <line>
              <![CDATA[Empty browser launched]]>
            </line>
          </reporter-output>
        </test-method> <!-- sample -->
      </class> <!-- github.ForkAndPullRequest -->
    </test> <!-- Default test -->
  </suite> <!-- Default suite -->
</testng-results>
